<?xml version="1.0" encoding="utf-8"?><testsuites name="pytest tests"><testsuite name="pytest" errors="0" failures="0" skipped="0" tests="19" time="1.863" timestamp="2026-05-31T23:05:19.004051+00:00" hostname="agent-env-56ee5936-474f-49e1-a23e-6f783293d79b"><testcase classname="backend.tests.backend_test.TestRoot" name="test_root_returns_200_and_brand" time="0.232" /><testcase classname="backend.tests.backend_test.TestContactCreate" name="test_create_contact_valid_minimum_fields" time="0.119" /><testcase classname="backend.tests.backend_test.TestContactCreate" name="test_create_contact_with_all_optional_fields" time="0.115" /><testcase classname="backend.tests.backend_test.TestContactCreate" name="test_create_contact_invalid_email_returns_422" time="0.049" /><testcase classname="backend.tests.backend_test.TestContactCreate" name="test_create_contact_missing_name_returns_422" time="0.051" /><testcase classname="backend.tests.backend_test.TestContactCreate" name="test_create_contact_missing_email_returns_422" time="0.047" /><testcase classname="backend.tests.backend_test.TestContactCreate" name="test_create_contact_missing_message_returns_422" time="0.058" /><testcase classname="backend.tests.backend_test.TestContactCreate" name="test_create_contact_empty_strings_returns_422" time="0.052" /><testcase classname="backend.tests.backend_test.TestContactList" name="test_list_returns_200_and_no_mongo_id" time="0.109" /><testcase classname="backend.tests.backend_test.TestContactList" name="test_list_sorted_most_recent_first" time="0.150" /><testcase classname="backend.tests.backend_test.TestGradesList" name="test_list_grades_returns_200_with_three_items" time="0.165" /><testcase classname="backend.tests.backend_test.TestGradeDetail" name="test_get_valid_grade[plus-value]" time="0.052" /><testcase classname="backend.tests.backend_test.TestGradeDetail" name="test_get_valid_grade[premium]" time="0.102" /><testcase classname="backend.tests.backend_test.TestGradeDetail" name="test_get_valid_grade[eco-standard]" time="0.048" /><testcase classname="backend.tests.backend_test.TestGradeDetail" name="test_get_bogus_grade_returns_404" time="0.047" /><testcase classname="backend.tests.backend_test.TestSpecSheetPdf" name="test_pdf_for_valid_slug[plus-value]" time="0.060" /><testcase classname="backend.tests.backend_test.TestSpecSheetPdf" name="test_pdf_for_valid_slug[premium]" time="0.059" /><testcase classname="backend.tests.backend_test.TestSpecSheetPdf" name="test_pdf_for_valid_slug[eco-standard]" time="0.057" /><testcase classname="backend.tests.backend_test.TestSpecSheetPdf" name="test_pdf_bogus_slug_returns_404" time="0.050" /></testsuite></testsuites>